2016-08-11 11:46:03 ERROR HelloExample2:16 - Sorry, something wrong!
java.lang.ArithmeticException: / by zero
	at murex.test.rita.books.HelloExample2.divide(HelloExample2.java:24)
	at murex.test.rita.books.HelloExample2.main(HelloExample2.java:14)
	at sun.reflect.NativeMethodAccessorImpl.invoke0(Native Method)
	at sun.reflect.NativeMethodAccessorImpl.invoke(NativeMethodAccessorImpl.java:57)
	at sun.reflect.DelegatingMethodAccessorImpl.invoke(DelegatingMethodAccessorImpl.java:43)
	at java.lang.reflect.Method.invoke(Method.java:606)
	at com.intellij.rt.execution.application.AppMain.main(AppMain.java:140)
2016-08-11 11:50:09 ERROR HelloExample2:18 - Sorry, something wrong!
java.lang.ArithmeticException: / by zero
	at murex.test.rita.books.HelloExample2.divide(HelloExample2.java:24)
	at murex.test.rita.books.HelloExample2.main(HelloExample2.java:16)
	at sun.reflect.NativeMethodAccessorImpl.invoke0(Native Method)
	at sun.reflect.NativeMethodAccessorImpl.invoke(NativeMethodAccessorImpl.java:57)
	at sun.reflect.DelegatingMethodAccessorImpl.invoke(DelegatingMethodAccessorImpl.java:43)
	at java.lang.reflect.Method.invoke(Method.java:606)
	at com.intellij.rt.execution.application.AppMain.main(AppMain.java:140)
2016-08-11 11:51:20 DEBUG HelloExample2:15 - Ceva ceva murex.test.rita.books.HelloExample2@7cbdc6a3, murex.test.rita.books.HelloExample2@7cbdc6a3
2016-08-11 11:51:20 DEBUG HelloExample2:16 - Ceva ceva murex.test.rita.books.HelloExample2@7cbdc6a3, murex.test.rita.books.HelloExample2@7cbdc6a3
2016-08-11 11:51:20 ERROR HelloExample2:21 - Sorry, something wrong!
java.lang.ArithmeticException: / by zero
	at murex.test.rita.books.HelloExample2.divide(HelloExample2.java:27)
	at murex.test.rita.books.HelloExample2.main(HelloExample2.java:19)
	at sun.reflect.NativeMethodAccessorImpl.invoke0(Native Method)
	at sun.reflect.NativeMethodAccessorImpl.invoke(NativeMethodAccessorImpl.java:57)
	at sun.reflect.DelegatingMethodAccessorImpl.invoke(DelegatingMethodAccessorImpl.java:43)
	at java.lang.reflect.Method.invoke(Method.java:606)
	at com.intellij.rt.execution.application.AppMain.main(AppMain.java:140)
2016-08-11 12:04:43 DEBUG HelloExample2:15 - Ceva ceva murex.test.rita.books.HelloExample2@7fae1081, murex.test.rita.books.HelloExample2@7fae1081
2016-08-11 12:04:43 ERROR HelloExample2:20 - Sorry, something wrong!
java.lang.ArithmeticException: / by zero
	at murex.test.rita.books.HelloExample2.divide(HelloExample2.java:26)
	at murex.test.rita.books.HelloExample2.main(HelloExample2.java:18)
	at sun.reflect.NativeMethodAccessorImpl.invoke0(Native Method)
	at sun.reflect.NativeMethodAccessorImpl.invoke(NativeMethodAccessorImpl.java:57)
	at sun.reflect.DelegatingMethodAccessorImpl.invoke(DelegatingMethodAccessorImpl.java:43)
	at java.lang.reflect.Method.invoke(Method.java:606)
	at com.intellij.rt.execution.application.AppMain.main(AppMain.java:140)
2016-08-11 12:09:40 INFO  Library:82 - Got from disk.
2016-08-11 12:09:40 INFO  Library:74 - Got from cache.
2016-08-11 12:10:42 INFO  Library:82 - Got from disk.
2016-08-11 12:10:42 INFO  Library:74 - Got from cache.
2016-08-11 12:10:42 INFO  Library:74 - Got from cache.
2016-08-11 12:10:42 INFO  Library:74 - Got from cache.
2016-08-11 12:21:18 INFO  Library:82 - Got from disk.
2016-08-11 12:21:18 INFO  Library:74 - Got from cache.
2016-08-11 12:21:18 INFO  Library:74 - Got from cache.
2016-08-11 12:21:18 INFO  Library:74 - Got from cache.
2016-08-11 12:22:33 INFO  Library:82 - Got from disk.
2016-08-11 12:22:33 INFO  Library:74 - Got from cache.
2016-08-11 12:22:33 INFO  Library:74 - Got from cache.
2016-08-11 12:22:33 INFO  Library:74 - Got from cache.
2016-08-11 12:23:01 INFO  Library:82 - Got from disk.
2016-08-11 12:23:01 INFO  Library:74 - Got from cache.
2016-08-11 12:23:01 INFO  Library:74 - Got from cache.
2016-08-11 12:23:01 INFO  Library:74 - Got from cache.
2016-08-11 14:18:47 INFO  Library:84 - Got from cache.
2016-08-11 14:18:47 INFO  Library:76 - Got from cache.
2016-08-11 14:18:47 INFO  Library:76 - Got from cache.
2016-08-11 14:18:47 INFO  Library:76 - Got from cache.
2016-08-11 14:23:14 INFO  Library:83 - Got from cache.
2016-08-11 14:23:14 INFO  Library:75 - Got from cache.
2016-08-11 14:23:14 INFO  Library:75 - Got from cache.
2016-08-11 14:23:14 INFO  Library:75 - Got from cache.
